[batchRunV4] network=bradbury N=20 budgetSeconds=480 startedAt=2026-07-01T19:20:20.234Z

===== RUN 1/20 (bradbury) =====
[run 1] wallet=0x186d2dabBE79810A6F3cBD8C09033E96C767c121
[run 1] deployHash=0x5297f680ee7351f47955628253e14397c0bbb929142db2dcab6dc854f8b9695e
[run1_deploy] poll status=COMMITTING exec=NOT_VOTED elapsed=6473ms
[run1_deploy] poll status=ACCEPTED exec=FINISHED_WITH_RETURN elapsed=12737ms
[run 1] resolveHash=0xce5b9174ce36d8ca257a75e2ef2a83233c448e66a981523cbe34f53507b97341
[run1_resolve] poll status=COMMITTING exec=NOT_VOTED elapsed=6115ms
[run1_resolve] poll status=14 exec=NOT_VOTED elapsed=12136ms
[run1_resolve] poll status=ACCEPTED exec=FINISHED_WITH_RETURN elapsed=17774ms
RUN::{"i":1,"network":"bradbury","deployHash":"0x5297f680ee7351f47955628253e14397c0bbb929142db2dcab6dc854f8b9695e","deployVerdict":"AGREE_SUCCESS","deployVotes":{"AGREE":5},"deployVotesArray":["AGREE","AGREE","AGREE","AGREE","AGREE"],"deployMinorityDvCount":0,"deployValidatorAddresses":[],"deployValidatorHashes":["0x19cd30e28ad7065c4c0e966aa1f8617cf8aaf420d828651fdbc27bbb3d1f5713","0x19cd30e28ad7065c4c0e966aa1f8617cf8aaf420d828651fdbc27bbb3d1f5713","0x19cd30e28ad7065c4c0e966aa1f8617cf8aaf420d828651fdbc27bbb3d1f5713","0x19cd30e28ad7065c4c0e966aa1f8617cf8aaf420d828651fdbc27bbb3d1f5713","0x19cd30e28ad7065c4c0e966aa1f8617cf8aaf420d828651fdbc27bbb3d1f5713"],"deployElapsedMs":12737,"resolveHash":"0xce5b9174ce36d8ca257a75e2ef2a83233c448e66a981523cbe34f53507b97341","resolveVerdict":"AGREE_SUCCESS","resolveVotes":{"AGREE":5},"resolveVotesArray":["AGREE","AGREE","AGREE","AGREE","AGREE"],"resolveMinorityDvCount":0,"resolveValidatorAddresses":[],"resolveValidatorHashes":["0x3d51f1c888d2ef47cf4ec49f8eab4d0f4b9cd1f57d24f5cf9fe01732562af590","0x3d51f1c888d2ef47cf4ec49f8eab4d0f4b9cd1f57d24f5cf9fe01732562af590","0x3d51f1c888d2ef47cf4ec49f8eab4d0f4b9cd1f57d24f5cf9fe01732562af590","0x3d51f1c888d2ef47cf4ec49f8eab4d0f4b9cd1f57d24f5cf9fe01732562af590","0x3d51f1c888d2ef47cf4ec49f8eab4d0f4b9cd1f57d24f5cf9fe01732562af590"],"resolveElapsedMs":17774,"totalMs":61917,"budgetHit":false,"contractAddress":"0xE434bf30c30dfCbc62C5F32Be2b41a93fB402785","deployErrorDetail":"","resolveErrorDetail":"","resolveRetryAttempted":false,"resolveRetryOutcome":"","postDeployDelayMs":25000}

===== RUN 2/20 (bradbury) =====
[run 2] wallet=0x186d2dabBE79810A6F3cBD8C09033E96C767c121
[run 2] deployHash=0x90b11f7046ae1f5cd56854391261ec29f8905efc8e0bfce9f509531cbd144fd6
[run2_deploy] poll status=COMMITTING exec=NOT_VOTED elapsed=5662ms
[run2_deploy] poll status=COMMITTING exec=NOT_VOTED elapsed=11932ms
[run2_deploy] poll status=REVEALING exec=FINISHED_WITH_RETURN elapsed=17830ms
[run2_deploy] poll status=ACCEPTED exec=FINISHED_WITH_RETURN elapsed=24110ms
[run 2] resolve threw: Transaction reverted: EVM tx 0xf3f86d694ecbb98970eaec07d9fc59c6634ec4b3556f2c0ee08881c0434d455b to consensus contract 0x0112Bf6e83497965A5fdD6Dad1E447a6E004271D was reverted.
[run 2] resolveRetryHash=0x23d628ccdec5cf9bca6ebe9db30849f8fd87004d0ee522d306f8935799c167ed
[run2_resolve_retry] poll status=COMMITTING exec=NOT_VOTED elapsed=5630ms
[run2_resolve_retry] poll status=COMMITTING exec=NOT_VOTED elapsed=11013ms
[run2_resolve_retry] poll status=14 exec=NOT_VOTED elapsed=16643ms
[run2_resolve_retry] poll status=ACCEPTED exec=FINISHED_WITH_RETURN elapsed=22705ms
RUN::{"i":2,"network":"bradbury","deployHash":"0x90b11f7046ae1f5cd56854391261ec29f8905efc8e0bfce9f509531cbd144fd6","deployVerdict":"AGREE_SUCCESS","deployVotes":{"AGREE":5},"deployVotesArray":["AGREE","AGREE","AGREE","AGREE","AGREE"],"deployMinorityDvCount":0,"deployValidatorAddresses":[],"deployValidatorHashes":["0xd8eaa1d41a8f0f2d7026d7195b3286709de4e1f35d49af666c2cbcce861376ee","0xd8eaa1d41a8f0f2d7026d7195b3286709de4e1f35d49af666c2cbcce861376ee","0xd8eaa1d41a8f0f2d7026d7195b3286709de4e1f35d49af666c2cbcce861376ee","0xd8eaa1d41a8f0f2d7026d7195b3286709de4e1f35d49af666c2cbcce861376ee","0xd8eaa1d41a8f0f2d7026d7195b3286709de4e1f35d49af666c2cbcce861376ee"],"deployElapsedMs":24110,"resolveHash":"0x23d628ccdec5cf9bca6ebe9db30849f8fd87004d0ee522d306f8935799c167ed","resolveVerdict":"RESOLVE_REVERT_RETRY_CLEAN","resolveVotes":{"AGREE":5},"resolveVotesArray":["AGREE","AGREE","AGREE","AGREE","AGREE"],"resolveMinorityDvCount":0,"resolveValidatorAddresses":[],"resolveValidatorHashes":["0x3b221e18a1541132c10985ed38f2383dd43423d83838b85742d2c789f9368921","0x3b221e18a1541132c10985ed38f2383dd43423d83838b85742d2c789f9368921","0x3b221e18a1541132c10985ed38f2383dd43423d83838b85742d2c789f9368921","0x3b221e18a1541132c10985ed38f2383dd43423d83838b85742d2c789f9368921","0x3b221e18a1541132c10985ed38f2383dd43423d83838b85742d2c789f9368921"],"resolveElapsedMs":22705,"totalMs":138772,"budgetHit":false,"contractAddress":"0x9314aB362D52d6416272a262eA80D8B31539Beb7","deployErrorDetail":"","resolveErrorDetail":"","resolveRetryAttempted":true,"resolveRetryOutcome":"RESOLVE_REVERT_RETRY_CLEAN","postDeployDelayMs":25000}

===== RUN 3/20 (bradbury) =====
[run 3] wallet=0x186d2dabBE79810A6F3cBD8C09033E96C767c121
[run 3] deployHash=0x0b8c7833a76b8f8a8ffa88e21e28418c3d8fba56d1596f28497ea16bf01c9a4c
[run3_deploy] poll status=14 exec=NOT_VOTED elapsed=5779ms
[run3_deploy] poll status=ACCEPTED exec=FINISHED_WITH_RETURN elapsed=12071ms
[run 3] resolveHash=0x4ae55b7c2c9ca69499a1f7245800451dadfe830408206b212d00a2f92fee567a
[run3_resolve] poll status=COMMITTING exec=NOT_VOTED elapsed=6074ms
[run3_resolve] poll status=ACCEPTED exec=FINISHED_WITH_RETURN elapsed=11689ms
RUN::{"i":3,"network":"bradbury","deployHash":"0x0b8c7833a76b8f8a8ffa88e21e28418c3d8fba56d1596f28497ea16bf01c9a4c","deployVerdict":"AGREE_SUCCESS","deployVotes":{"AGREE":5},"deployVotesArray":["AGREE","AGREE","AGREE","AGREE","AGREE"],"deployMinorityDvCount":0,"deployValidatorAddresses":[],"deployValidatorHashes":["0x44a1b0287738add569633e1572da99f488fb9e749afa9b548e6139c5ff6a3235","0x44a1b0287738add569633e1572da99f488fb9e749afa9b548e6139c5ff6a3235","0x44a1b0287738add569633e1572da99f488fb9e749afa9b548e6139c5ff6a3235","0x44a1b0287738add569633e1572da99f488fb9e749afa9b548e6139c5ff6a3235","0x44a1b0287738add569633e1572da99f488fb9e749afa9b548e6139c5ff6a3235"],"deployElapsedMs":12071,"resolveHash":"0x4ae55b7c2c9ca69499a1f7245800451dadfe830408206b212d00a2f92fee567a","resolveVerdict":"AGREE_SUCCESS","resolveVotes":{"AGREE":5},"resolveVotesArray":["AGREE","AGREE","AGREE","AGREE","AGREE"],"resolveMinorityDvCount":0,"resolveValidatorAddresses":[],"resolveValidatorHashes":["0x025cd844f2893debec352a16e362572636f013137178bec724924e7c91ac5704","0x025cd844f2893debec352a16e362572636f013137178bec724924e7c91ac5704","0x025cd844f2893debec352a16e362572636f013137178bec724924e7c91ac5704","0x025cd844f2893debec352a16e362572636f013137178bec724924e7c91ac5704","0x025cd844f2893debec352a16e362572636f013137178bec724924e7c91ac5704"],"resolveElapsedMs":11690,"totalMs":52801,"budgetHit":false,"contractAddress":"0x2E528Ff7FF58a10095F7f692538155fa1E866465","deployErrorDetail":"","resolveErrorDetail":"","resolveRetryAttempted":false,"resolveRetryOutcome":"","postDeployDelayMs":25000}

===== RUN 4/20 (bradbury) =====
[run 4] wallet=0x186d2dabBE79810A6F3cBD8C09033E96C767c121
[run 4] deployHash=0xd44c994410b473eedc59ccb54106c11c192a6952eb6276f6474a3cfec8db76ff
[run4_deploy] poll status=REVEALING exec=FINISHED_WITH_RETURN elapsed=6290ms
[run4_deploy] poll status=ACCEPTED exec=FINISHED_WITH_RETURN elapsed=12148ms
[run 4] resolveHash=0xd3ee14b44aef6862288ae1737ed2ba4386089e3f36ddc11058e6381012d79a54
[run4_resolve] poll status=COMMITTING exec=NOT_VOTED elapsed=5478ms
[run4_resolve] poll status=ACCEPTED exec=FINISHED_WITH_RETURN elapsed=11076ms
RUN::{"i":4,"network":"bradbury","deployHash":"0xd44c994410b473eedc59ccb54106c11c192a6952eb6276f6474a3cfec8db76ff","deployVerdict":"AGREE_SUCCESS","deployVotes":{"AGREE":5},"deployVotesArray":["AGREE","AGREE","AGREE","AGREE","AGREE"],"deployMinorityDvCount":0,"deployValidatorAddresses":[],"deployValidatorHashes":["0x53efb257eddf2a358ff2ea2f90cad078cec84a4bd5d30da122adc75387d155fb","0x53efb257eddf2a358ff2ea2f90cad078cec84a4bd5d30da122adc75387d155fb","0x53efb257eddf2a358ff2ea2f90cad078cec84a4bd5d30da122adc75387d155fb","0x53efb257eddf2a358ff2ea2f90cad078cec84a4bd5d30da122adc75387d155fb","0x53efb257eddf2a358ff2ea2f90cad078cec84a4bd5d30da122adc75387d155fb"],"deployElapsedMs":12148,"resolveHash":"0xd3ee14b44aef6862288ae1737ed2ba4386089e3f36ddc11058e6381012d79a54","resolveVerdict":"AGREE_SUCCESS","resolveVotes":{"AGREE":5},"resolveVotesArray":["AGREE","AGREE","AGREE","AGREE","AGREE"],"resolveMinorityDvCount":0,"resolveValidatorAddresses":[],"resolveValidatorHashes":["0xee9ccee06364ed92adf4a1dfd2a6a0663716ed3d69e513e1a7300b0a1985206d","0xee9ccee06364ed92adf4a1dfd2a6a0663716ed3d69e513e1a7300b0a1985206d","0xee9ccee06364ed92adf4a1dfd2a6a0663716ed3d69e513e1a7300b0a1985206d","0xee9ccee06364ed92adf4a1dfd2a6a0663716ed3d69e513e1a7300b0a1985206d","0xee9ccee06364ed92adf4a1dfd2a6a0663716ed3d69e513e1a7300b0a1985206d"],"resolveElapsedMs":11076,"totalMs":54515,"budgetHit":false,"contractAddress":"0x217c48Ae40060d1040b7f79981E2ba9705F82350","deployErrorDetail":"","resolveErrorDetail":"","resolveRetryAttempted":false,"resolveRetryOutcome":"","postDeployDelayMs":25000}

===== RUN 5/20 (bradbury) =====
[run 5] wallet=0x186d2dabBE79810A6F3cBD8C09033E96C767c121
[run 5] deployHash=0x093ee3551ccfe7daeef360b5d8ca514bba057cdf0012b617252088b7ebb187cc
[run5_deploy] poll status=COMMITTING exec=NOT_VOTED elapsed=5691ms
[run5_deploy] poll status=ACCEPTED exec=FINISHED_WITH_RETURN elapsed=11371ms
[run 5] resolveHash=0x42a7da0a323cf3e0b78dfbb0aa123583e72a9f671a69162860c0a758bbc42ce5
[run5_resolve] poll status=COMMITTING exec=NOT_VOTED elapsed=5690ms
[run5_resolve] poll status=ACCEPTED exec=FINISHED_WITH_RETURN elapsed=11092ms
RUN::{"i":5,"network":"bradbury","deployHash":"0x093ee3551ccfe7daeef360b5d8ca514bba057cdf0012b617252088b7ebb187cc","deployVerdict":"AGREE_SUCCESS","deployVotes":{"AGREE":5},"deployVotesArray":["AGREE","AGREE","AGREE","AGREE","AGREE"],"deployMinorityDvCount":0,"deployValidatorAddresses":[],"deployValidatorHashes":["0x9b231cef416cf3e17df14a7c63a3a058146b3aceac830e34fefd76400e7d2ada","0x9b231cef416cf3e17df14a7c63a3a058146b3aceac830e34fefd76400e7d2ada","0x9b231cef416cf3e17df14a7c63a3a058146b3aceac830e34fefd76400e7d2ada","0x9b231cef416cf3e17df14a7c63a3a058146b3aceac830e34fefd76400e7d2ada","0x9b231cef416cf3e17df14a7c63a3a058146b3aceac830e34fefd76400e7d2ada"],"deployElapsedMs":11371,"resolveHash":"0x42a7da0a323cf3e0b78dfbb0aa123583e72a9f671a69162860c0a758bbc42ce5","resolveVerdict":"AGREE_SUCCESS","resolveVotes":{"AGREE":5},"resolveVotesArray":["AGREE","AGREE","AGREE","AGREE","AGREE"],"resolveMinorityDvCount":0,"resolveValidatorAddresses":[],"resolveValidatorHashes":["0x7c01d844682adfba163a244d51e18dcfedc0bfcf16b8f67bd077c658209e7108","0x7c01d844682adfba163a244d51e18dcfedc0bfcf16b8f67bd077c658209e7108","0x7c01d844682adfba163a244d51e18dcfedc0bfcf16b8f67bd077c658209e7108","0x7c01d844682adfba163a244d51e18dcfedc0bfcf16b8f67bd077c658209e7108","0x7c01d844682adfba163a244d51e18dcfedc0bfcf16b8f67bd077c658209e7108"],"resolveElapsedMs":11092,"totalMs":51173,"budgetHit":false,"contractAddress":"0x682287B0Df870DEE5c33B8CDEE6CbC76c2773136","deployErrorDetail":"","resolveErrorDetail":"","resolveRetryAttempted":false,"resolveRetryOutcome":"","postDeployDelayMs":25000}

===== RUN 6/20 (bradbury) =====
[run 6] wallet=0x186d2dabBE79810A6F3cBD8C09033E96C767c121
[run 6] deployHash=0x2206558d584a4e0bc02853280e62750e47722b81d31d0e2cf8b05a7d668a870b
[run6_deploy] poll status=COMMITTING exec=NOT_VOTED elapsed=5786ms
[run6_deploy] poll status=ACCEPTED exec=FINISHED_WITH_RETURN elapsed=12076ms
[run 6] resolveHash=0x52bf101f04a0a042aceb2ef2484937b45bb7d709fcaac51ff77385a5ff690d98
[run6_resolve] poll status=PROPOSING exec=NOT_VOTED elapsed=5630ms
[run6_resolve] poll status=14 exec=NOT_VOTED elapsed=11280ms
[run6_resolve] poll status=ACCEPTED exec=FINISHED_WITH_RETURN elapsed=16940ms
RUN::{"i":6,"network":"bradbury","deployHash":"0x2206558d584a4e0bc02853280e62750e47722b81d31d0e2cf8b05a7d668a870b","deployVerdict":"AGREE_SUCCESS","deployVotes":{"AGREE":5},"deployVotesArray":["AGREE","AGREE","AGREE","AGREE","AGREE"],"deployMinorityDvCount":0,"deployValidatorAddresses":[],"deployValidatorHashes":["0x95969741b6d4b4c6e202715839432a8192ab4b6eb608ec013c9c91f395c71bf8","0x95969741b6d4b4c6e202715839432a8192ab4b6eb608ec013c9c91f395c71bf8","0x95969741b6d4b4c6e202715839432a8192ab4b6eb608ec013c9c91f395c71bf8","0x95969741b6d4b4c6e202715839432a8192ab4b6eb608ec013c9c91f395c71bf8","0x95969741b6d4b4c6e202715839432a8192ab4b6eb608ec013c9c91f395c71bf8"],"deployElapsedMs":12077,"resolveHash":"0x52bf101f04a0a042aceb2ef2484937b45bb7d709fcaac51ff77385a5ff690d98","resolveVerdict":"AGREE_SUCCESS","resolveVotes":{"AGREE":5},"resolveVotesArray":["AGREE","AGREE","AGREE","AGREE","AGREE"],"resolveMinorityDvCount":0,"resolveValidatorAddresses":[],"resolveValidatorHashes":["0xb1f9295196e35cb4e95afda5eec136f0824daba57c4e536159bda5ee88c1ae10","0xb1f9295196e35cb4e95afda5eec136f0824daba57c4e536159bda5ee88c1ae10","0xb1f9295196e35cb4e95afda5eec136f0824daba57c4e536159bda5ee88c1ae10","0xb1f9295196e35cb4e95afda5eec136f0824daba57c4e536159bda5ee88c1ae10","0xb1f9295196e35cb4e95afda5eec136f0824daba57c4e536159bda5ee88c1ae10"],"resolveElapsedMs":16940,"totalMs":58732,"budgetHit":false,"contractAddress":"0x5Fc1c7a1421FF56963F2141A369F83C286E82196","deployErrorDetail":"","resolveErrorDetail":"","resolveRetryAttempted":false,"resolveRetryOutcome":"","postDeployDelayMs":25000}

===== RUN 7/20 (bradbury) =====
[run 7] wallet=0x186d2dabBE79810A6F3cBD8C09033E96C767c121
[run 7] deployHash=0x3affcfdde4393a80743513cc6fa0afcac5dc64eb75cf07c6c129ce76268c7c8b
[run7_deploy] poll status=COMMITTING exec=NOT_VOTED elapsed=5796ms
[run7_deploy] poll status=14 exec=NOT_VOTED elapsed=12100ms
[run7_deploy] poll status=ACCEPTED exec=FINISHED_WITH_RETURN elapsed=17938ms
[run 7] resolveHash=0x5076d1b3a501ccb96348a94dd104ec7d75030a80cc32e9a6e9a0189b0bc706bb
[run7_resolve] poll status=PROPOSING exec=NOT_VOTED elapsed=5657ms
[run7_resolve] poll status=14 exec=NOT_VOTED elapsed=11302ms
[run7_resolve] poll status=ACCEPTED exec=FINISHED_WITH_RETURN elapsed=17370ms
RUN::{"i":7,"network":"bradbury","deployHash":"0x3affcfdde4393a80743513cc6fa0afcac5dc64eb75cf07c6c129ce76268c7c8b","deployVerdict":"AGREE_SUCCESS","deployVotes":{"AGREE":5},"deployVotesArray":["AGREE","AGREE","AGREE","AGREE","AGREE"],"deployMinorityDvCount":0,"deployValidatorAddresses":[],"deployValidatorHashes":["0xb0a5683b98f51ef6b615c11dd06ae71595275e00f19f2913dce8e1b11e92317e","0xb0a5683b98f51ef6b615c11dd06ae71595275e00f19f2913dce8e1b11e92317e","0xb0a5683b98f51ef6b615c11dd06ae71595275e00f19f2913dce8e1b11e92317e","0xb0a5683b98f51ef6b615c11dd06ae71595275e00f19f2913dce8e1b11e92317e","0xb0a5683b98f51ef6b615c11dd06ae71595275e00f19f2913dce8e1b11e92317e"],"deployElapsedMs":17938,"resolveHash":"0x5076d1b3a501ccb96348a94dd104ec7d75030a80cc32e9a6e9a0189b0bc706bb","resolveVerdict":"AGREE_SUCCESS","resolveVotes":{"AGREE":5},"resolveVotesArray":["AGREE","AGREE","AGREE","AGREE","AGREE"],"resolveMinorityDvCount":0,"resolveValidatorAddresses":[],"resolveValidatorHashes":["0x23605a5667d37572e1b96158b64b806479e25d65b660d9411a5d8f4d570f3908","0x23605a5667d37572e1b96158b64b806479e25d65b660d9411a5d8f4d570f3908","0x23605a5667d37572e1b96158b64b806479e25d65b660d9411a5d8f4d570f3908","0x23605a5667d37572e1b96158b64b806479e25d65b660d9411a5d8f4d570f3908","0x23605a5667d37572e1b96158b64b806479e25d65b660d9411a5d8f4d570f3908"],"resolveElapsedMs":17371,"totalMs":63920,"budgetHit":false,"contractAddress":"0x2c4045e8AEe169F3eDF6d0A2E6ffe824523f4dD4","deployErrorDetail":"","resolveErrorDetail":"","resolveRetryAttempted":false,"resolveRetryOutcome":"","postDeployDelayMs":25000}

===== RUN 8/20 (bradbury) =====
[run 8] wallet=0x186d2dabBE79810A6F3cBD8C09033E96C767c121
[run 8] deployHash=0x37c7f08a82fe6401d87d044ac7d1026ac0e97ab421516b52d1c6a3ee087c61e3
[run8_deploy] poll status=14 exec=NOT_VOTED elapsed=5773ms
[run8_deploy] poll status=ACCEPTED exec=FINISHED_WITH_RETURN elapsed=11590ms
[run 8] resolveHash=0xd85a3c7514f3ac9f1810eee91040240613f11cd4d8980a1938a022de6f2e2053
[run8_resolve] poll status=COMMITTING exec=NOT_VOTED elapsed=5574ms
[run8_resolve] poll status=ACCEPTED exec=FINISHED_WITH_RETURN elapsed=11235ms
RUN::{"i":8,"network":"bradbury","deployHash":"0x37c7f08a82fe6401d87d044ac7d1026ac0e97ab421516b52d1c6a3ee087c61e3","deployVerdict":"AGREE_SUCCESS","deployVotes":{"AGREE":5},"deployVotesArray":["AGREE","AGREE","AGREE","AGREE","AGREE"],"deployMinorityDvCount":0,"deployValidatorAddresses":[],"deployValidatorHashes":["0x604b7041f3303039b2ca754904991d2560793921ae0eb8474d65ed803b907999","0x604b7041f3303039b2ca754904991d2560793921ae0eb8474d65ed803b907999","0x604b7041f3303039b2ca754904991d2560793921ae0eb8474d65ed803b907999","0x604b7041f3303039b2ca754904991d2560793921ae0eb8474d65ed803b907999","0x604b7041f3303039b2ca754904991d2560793921ae0eb8474d65ed803b907999"],"deployElapsedMs":11590,"resolveHash":"0xd85a3c7514f3ac9f1810eee91040240613f11cd4d8980a1938a022de6f2e2053","resolveVerdict":"AGREE_SUCCESS","resolveVotes":{"AGREE":5},"resolveVotesArray":["AGREE","AGREE","AGREE","AGREE","AGREE"],"resolveMinorityDvCount":0,"resolveValidatorAddresses":[],"resolveValidatorHashes":["0x640770d019b869c1dc34a82f1fb15787f4c686cf875b71be351dfa9acca34f4d","0x640770d019b869c1dc34a82f1fb15787f4c686cf875b71be351dfa9acca34f4d","0x640770d019b869c1dc34a82f1fb15787f4c686cf875b71be351dfa9acca34f4d","0x640770d019b869c1dc34a82f1fb15787f4c686cf875b71be351dfa9acca34f4d","0x640770d019b869c1dc34a82f1fb15787f4c686cf875b71be351dfa9acca34f4d"],"resolveElapsedMs":11235,"totalMs":52264,"budgetHit":false,"contractAddress":"0x63d1ead48Ff171d4b63532d4919d83D41038D14f","deployErrorDetail":"","resolveErrorDetail":"","resolveRetryAttempted":false,"resolveRetryOutcome":"","postDeployDelayMs":25000}

===== RUN 9/20 (bradbury) =====
[run 9] wallet=0x186d2dabBE79810A6F3cBD8C09033E96C767c121
[run 9] deployHash=0xa1a7502da33e35d374d32aaa358a114130a1e29ccff9a9aa267a0c161a282a15
[run9_deploy] poll status=14 exec=NOT_VOTED elapsed=6084ms
[run9_deploy] poll status=ACCEPTED exec=FINISHED_WITH_RETURN elapsed=11910ms
[run 9] resolve threw: Transaction reverted: EVM tx 0xcf2adefc8f5c26d35c16f430eacc2f19e4150ddcd600b885d955f2bcf0fb178c to consensus contract 0x0112Bf6e83497965A5fdD6Dad1E447a6E004271D was reverted.
[run 9] resolveRetryHash=0xafccdaa8c467435114944fb72916cbdb7918871fc18f0cfe7774e2ce3e40b80b
[run9_resolve_retry] poll status=COMMITTING exec=NOT_VOTED elapsed=5653ms
[run9_resolve_retry] poll status=REVEALING exec=FINISHED_WITH_RETURN elapsed=11322ms
[run9_resolve_retry] poll status=ACCEPTED exec=FINISHED_WITH_RETURN elapsed=16915ms
RUN::{"i":9,"network":"bradbury","deployHash":"0xa1a7502da33e35d374d32aaa358a114130a1e29ccff9a9aa267a0c161a282a15","deployVerdict":"AGREE_SUCCESS","deployVotes":{"AGREE":5},"deployVotesArray":["AGREE","AGREE","AGREE","AGREE","AGREE"],"deployMinorityDvCount":0,"deployValidatorAddresses":[],"deployValidatorHashes":["0x04b262597cb671baffaacdd7c0cdab0fcf1ae18d515084a03136c499d0e30705","0x04b262597cb671baffaacdd7c0cdab0fcf1ae18d515084a03136c499d0e30705","0x04b262597cb671baffaacdd7c0cdab0fcf1ae18d515084a03136c499d0e30705","0x04b262597cb671baffaacdd7c0cdab0fcf1ae18d515084a03136c499d0e30705","0x04b262597cb671baffaacdd7c0cdab0fcf1ae18d515084a03136c499d0e30705"],"deployElapsedMs":11910,"resolveHash":"0xafccdaa8c467435114944fb72916cbdb7918871fc18f0cfe7774e2ce3e40b80b","resolveVerdict":"RESOLVE_REVERT_RETRY_CLEAN","resolveVotes":{"AGREE":5},"resolveVotesArray":["AGREE","AGREE","AGREE","AGREE","AGREE"],"resolveMinorityDvCount":0,"resolveValidatorAddresses":[],"resolveValidatorHashes":["0x6b37d4947ad6b7b7452b4656af184afd691a6332b5dbd3660f12d2316571922e","0x6b37d4947ad6b7b7452b4656af184afd691a6332b5dbd3660f12d2316571922e","0x6b37d4947ad6b7b7452b4656af184afd691a6332b5dbd3660f12d2316571922e","0x6b37d4947ad6b7b7452b4656af184afd691a6332b5dbd3660f12d2316571922e","0x6b37d4947ad6b7b7452b4656af184afd691a6332b5dbd3660f12d2316571922e"],"resolveElapsedMs":16915,"totalMs":121289,"budgetHit":false,"contractAddress":"0xACAaD201054037A186C2BE622d11Faaa07002C09","deployErrorDetail":"","resolveErrorDetail":"","resolveRetryAttempted":true,"resolveRetryOutcome":"RESOLVE_REVERT_RETRY_CLEAN","postDeployDelayMs":25000}

===== RUN 10/20 (bradbury) =====
[run 10] wallet=0x186d2dabBE79810A6F3cBD8C09033E96C767c121
[run 10] deployHash=0x58e6b3c36223806973decd28ae7d4f620c1318b033be9762e48aa2c1e550fb66
[run10_deploy] poll status=REVEALING exec=FINISHED_WITH_RETURN elapsed=5648ms
[run10_deploy] poll status=ACCEPTED exec=FINISHED_WITH_RETURN elapsed=11445ms
[run 10] resolve threw: Transaction reverted: EVM tx 0xda8685a4d5a0d4e1128dcd81ede205160848f15332d92cb51c47b969ef897ba1 to consensus contract 0x0112Bf6e83497965A5fdD6Dad1E447a6E004271D was reverted.
[run 10] resolveRetryHash=0x9ddc5b7bca48488162da823e0b76cabd232a6d92b08a24fcec0c6e9887a94e66
[run10_resolve_retry] poll status=COMMITTING exec=NOT_VOTED elapsed=5622ms
[run10_resolve_retry] poll status=ACCEPTED exec=FINISHED_WITH_RETURN elapsed=11685ms
RUN::{"i":10,"network":"bradbury","deployHash":"0x58e6b3c36223806973decd28ae7d4f620c1318b033be9762e48aa2c1e550fb66","deployVerdict":"AGREE_SUCCESS","deployVotes":{"AGREE":5},"deployVotesArray":["AGREE","AGREE","AGREE","AGREE","AGREE"],"deployMinorityDvCount":0,"deployValidatorAddresses":[],"deployValidatorHashes":["0x1d6b0d0f18229cc3cf8f519639db1a065fb5892b4146ed53116c769096aa42f4","0x1d6b0d0f18229cc3cf8f519639db1a065fb5892b4146ed53116c769096aa42f4","0x1d6b0d0f18229cc3cf8f519639db1a065fb5892b4146ed53116c769096aa42f4","0x1d6b0d0f18229cc3cf8f519639db1a065fb5892b4146ed53116c769096aa42f4","0x1d6b0d0f18229cc3cf8f519639db1a065fb5892b4146ed53116c769096aa42f4"],"deployElapsedMs":11446,"resolveHash":"0x9ddc5b7bca48488162da823e0b76cabd232a6d92b08a24fcec0c6e9887a94e66","resolveVerdict":"RESOLVE_REVERT_RETRY_CLEAN","resolveVotes":{"AGREE":5},"resolveVotesArray":["AGREE","AGREE","AGREE","AGREE","AGREE"],"resolveMinorityDvCount":0,"resolveValidatorAddresses":[],"resolveValidatorHashes":["0x042d91db565d80913683fe5605f4ebbb1e88632d1a7875725a638b8ed38d977a","0x042d91db565d80913683fe5605f4ebbb1e88632d1a7875725a638b8ed38d977a","0x042d91db565d80913683fe5605f4ebbb1e88632d1a7875725a638b8ed38d977a","0x042d91db565d80913683fe5605f4ebbb1e88632d1a7875725a638b8ed38d977a","0x042d91db565d80913683fe5605f4ebbb1e88632d1a7875725a638b8ed38d977a"],"resolveElapsedMs":11685,"totalMs":116555,"budgetHit":false,"contractAddress":"0x35948F1AA1bB49CD7883656584C66a63d9d7f27a","deployErrorDetail":"","resolveErrorDetail":"","resolveRetryAttempted":true,"resolveRetryOutcome":"RESOLVE_REVERT_RETRY_CLEAN","postDeployDelayMs":25000}

===== RUN 11/20 (bradbury) =====
[run 11] wallet=0x186d2dabBE79810A6F3cBD8C09033E96C767c121
[run 11] deployHash=0xe99f02d205e48bc6aa5fd345571ff4c0e079fe13e624dac8309930e715e30f64
[run11_deploy] poll status=REVEALING exec=FINISHED_WITH_RETURN elapsed=6263ms
[run11_deploy] poll status=ACCEPTED exec=FINISHED_WITH_RETURN elapsed=12061ms
[run 11] resolve threw: Transaction reverted: EVM tx 0x3ca0b95c6fc250ce1c617873970cc723d2dd8a6317695df701d724c0b75a6c7d to consensus contract 0x0112Bf6e83497965A5fdD6Dad1E447a6E004271D was reverted.
[run 11] resolveRetryHash=0x5e1199c793af34f1dab0c41b70f98ecb524c5ee844b0038b8b1cebc6c1e64083
[run11_resolve_retry] poll status=COMMITTING exec=NOT_VOTED elapsed=5658ms
[run11_resolve_retry] poll status=ACCEPTED exec=FINISHED_WITH_RETURN elapsed=11275ms
RUN::{"i":11,"network":"bradbury","deployHash":"0xe99f02d205e48bc6aa5fd345571ff4c0e079fe13e624dac8309930e715e30f64","deployVerdict":"AGREE_SUCCESS","deployVotes":{"AGREE":5},"deployVotesArray":["AGREE","AGREE","AGREE","AGREE","AGREE"],"deployMinorityDvCount":0,"deployValidatorAddresses":[],"deployValidatorHashes":["0x701bdcaa4ee11186d9a91260381a566a1201c3e19c0506849253b986ff07aab7","0x701bdcaa4ee11186d9a91260381a566a1201c3e19c0506849253b986ff07aab7","0x701bdcaa4ee11186d9a91260381a566a1201c3e19c0506849253b986ff07aab7","0x701bdcaa4ee11186d9a91260381a566a1201c3e19c0506849253b986ff07aab7","0x701bdcaa4ee11186d9a91260381a566a1201c3e19c0506849253b986ff07aab7"],"deployElapsedMs":12061,"resolveHash":"0x5e1199c793af34f1dab0c41b70f98ecb524c5ee844b0038b8b1cebc6c1e64083","resolveVerdict":"RESOLVE_REVERT_RETRY_CLEAN","resolveVotes":{"AGREE":5},"resolveVotesArray":["AGREE","AGREE","AGREE","AGREE","AGREE"],"resolveMinorityDvCount":0,"resolveValidatorAddresses":[],"resolveValidatorHashes":["0xa9214abe24c50ea17050dfb1f71ea45f9d386b1dd23c1bb6e168adf1471a3003","0xa9214abe24c50ea17050dfb1f71ea45f9d386b1dd23c1bb6e168adf1471a3003","0xa9214abe24c50ea17050dfb1f71ea45f9d386b1dd23c1bb6e168adf1471a3003","0xa9214abe24c50ea17050dfb1f71ea45f9d386b1dd23c1bb6e168adf1471a3003","0xa9214abe24c50ea17050dfb1f71ea45f9d386b1dd23c1bb6e168adf1471a3003"],"resolveElapsedMs":11275,"totalMs":115750,"budgetHit":false,"contractAddress":"0x8De21c0EC2F9c9de9f97d733A89ef861914cCE1C","deployErrorDetail":"","resolveErrorDetail":"","resolveRetryAttempted":true,"resolveRetryOutcome":"RESOLVE_REVERT_RETRY_CLEAN","postDeployDelayMs":25000}

===== RUN 12/20 (bradbury) =====
[run 12] wallet=0x186d2dabBE79810A6F3cBD8C09033E96C767c121
[run 12] deployHash=0xc028784d59ed79e50132785ec515e6c0789a7e87f536f5f9ef3a334e7ec9120d
[run12_deploy] poll status=COMMITTING exec=NOT_VOTED elapsed=5791ms
[run12_deploy] poll status=ACCEPTED exec=FINISHED_WITH_RETURN elapsed=12345ms
[run 12] resolveHash=0x8eab78a8fb148a58960a9458bf8fcd81fe21c1a99f7eeb9422b2f9fdf6e3e932
[run12_resolve] poll status=COMMITTING exec=NOT_VOTED elapsed=5626ms
[run12_resolve] poll status=REVEALING exec=FINISHED_WITH_RETURN elapsed=11262ms
[run12_resolve] poll status=ACCEPTED exec=FINISHED_WITH_RETURN elapsed=17398ms
RUN::{"i":12,"network":"bradbury","deployHash":"0xc028784d59ed79e50132785ec515e6c0789a7e87f536f5f9ef3a334e7ec9120d","deployVerdict":"AGREE_SUCCESS","deployVotes":{"AGREE":5},"deployVotesArray":["AGREE","AGREE","AGREE","AGREE","AGREE"],"deployMinorityDvCount":0,"deployValidatorAddresses":[],"deployValidatorHashes":["0x44771527616f5f5c7acbe1d22dc6b836b6dd67ae8292566f934d8b56c61a9f0b","0x44771527616f5f5c7acbe1d22dc6b836b6dd67ae8292566f934d8b56c61a9f0b","0x44771527616f5f5c7acbe1d22dc6b836b6dd67ae8292566f934d8b56c61a9f0b","0x44771527616f5f5c7acbe1d22dc6b836b6dd67ae8292566f934d8b56c61a9f0b","0x44771527616f5f5c7acbe1d22dc6b836b6dd67ae8292566f934d8b56c61a9f0b"],"deployElapsedMs":12345,"resolveHash":"0x8eab78a8fb148a58960a9458bf8fcd81fe21c1a99f7eeb9422b2f9fdf6e3e932","resolveVerdict":"AGREE_SUCCESS","resolveVotes":{"AGREE":5},"resolveVotesArray":["AGREE","AGREE","AGREE","AGREE","AGREE"],"resolveMinorityDvCount":0,"resolveValidatorAddresses":[],"resolveValidatorHashes":["0xf8668097469e4d7dab04d361e89f6119240091220b9e4e2b1f34a9ac276b1da2","0xf8668097469e4d7dab04d361e89f6119240091220b9e4e2b1f34a9ac276b1da2","0xf8668097469e4d7dab04d361e89f6119240091220b9e4e2b1f34a9ac276b1da2","0xf8668097469e4d7dab04d361e89f6119240091220b9e4e2b1f34a9ac276b1da2","0xf8668097469e4d7dab04d361e89f6119240091220b9e4e2b1f34a9ac276b1da2"],"resolveElapsedMs":17398,"totalMs":60240,"budgetHit":false,"contractAddress":"0xc44B31dA280bD55A97C485471d234202c480e4cF","deployErrorDetail":"","resolveErrorDetail":"","resolveRetryAttempted":false,"resolveRetryOutcome":"","postDeployDelayMs":25000}

===== RUN 13/20 (bradbury) =====
[run 13] wallet=0x186d2dabBE79810A6F3cBD8C09033E96C767c121
[run 13] deployHash=0x796b15db6120c17c6ba4631ea533cfb8f8a12169ca9cea7e52ed1a814443a718
[run13_deploy] poll status=COMMITTING exec=NOT_VOTED elapsed=6300ms
[run13_deploy] poll status=ACCEPTED exec=FINISHED_WITH_RETURN elapsed=12126ms
[run 13] resolve threw: Transaction reverted: EVM tx 0x8ca1c5c9a4ec37593c58ee4437f6ebf5b832aaa1fa40adac73d3ebd9947b2a55 to consensus contract 0x0112Bf6e83497965A5fdD6Dad1E447a6E004271D was reverted.
[run 13] resolve retry threw: Transaction reverted: EVM tx 0x1a50d7e1bdd61f5930d04e8e26e7ea1e3175b8263f371198da9cc9359809afd0 to consensus contract 0x0112Bf6e83497965A5fdD6Dad1E447a6E004271D was reverted.
RUN::{"i":13,"network":"bradbury","deployHash":"0x796b15db6120c17c6ba4631ea533cfb8f8a12169ca9cea7e52ed1a814443a718","deployVerdict":"AGREE_SUCCESS","deployVotes":{"AGREE":5},"deployVotesArray":["AGREE","AGREE","AGREE","AGREE","AGREE"],"deployMinorityDvCount":0,"deployValidatorAddresses":[],"deployValidatorHashes":["0x9a4bf63b9121e937c7ae6d23bfa315eba881ccd19181b17aa15e28dc0e6e0f8a","0x9a4bf63b9121e937c7ae6d23bfa315eba881ccd19181b17aa15e28dc0e6e0f8a","0x9a4bf63b9121e937c7ae6d23bfa315eba881ccd19181b17aa15e28dc0e6e0f8a","0x9a4bf63b9121e937c7ae6d23bfa315eba881ccd19181b17aa15e28dc0e6e0f8a","0x9a4bf63b9121e937c7ae6d23bfa315eba881ccd19181b17aa15e28dc0e6e0f8a"],"deployElapsedMs":12126,"resolveHash":"","resolveVerdict":"RESOLVE_CONSENSUS_REVERT","resolveVotes":{},"resolveVotesArray":[],"resolveMinorityDvCount":0,"resolveValidatorAddresses":[],"resolveValidatorHashes":[],"resolveElapsedMs":2539,"totalMs":104155,"budgetHit":false,"contractAddress":"0x9c607D1490Fb63C36554414D5fcaf31DEAa0D599","deployErrorDetail":"","resolveErrorDetail":"first resolve threw: Transaction reverted: EVM tx 0x8ca1c5c9a4ec37593c58ee4437f6ebf5b832aaa1fa40adac73d3ebd9947b2a55 to consensus contract 0x0112Bf6e83497965A5fdD6Dad1E447a6E004271D was reverted.; retry resolve threw: Transaction reverted: EVM tx 0x1a50d7e1bdd61f5930d04e8e26e7ea1e3175b8263f371198da9cc9359809afd0 to consensus contract 0x0112Bf6e83497965A5fdD6Dad1E447a6E004271D was reverted.","resolveRetryAttempted":true,"resolveRetryOutcome":"RESOLVE_CONSENSUS_REVERT","postDeployDelayMs":25000}

===== RUN 14/20 (bradbury) =====
[run 14] wallet=0x186d2dabBE79810A6F3cBD8C09033E96C767c121
[run 14] deployHash=0x6899bbd20a1a3a8483a511d0bb238befee3199156a0b3c73577d349b4ee86edc
[run14_deploy] poll status=14 exec=NOT_VOTED elapsed=5772ms
[run14_deploy] poll status=ACCEPTED exec=FINISHED_WITH_RETURN elapsed=11670ms
[run 14] resolve threw: Transaction reverted: EVM tx 0x594a0e929fe1b1f0a86d088a9bf5819fa1e60de2d98f5a8ee7b6808b956788ab to consensus contract 0x0112Bf6e83497965A5fdD6Dad1E447a6E004271D was reverted.
[run 14] resolveRetryHash=0x7e04248938bdcc517f8f8682f56c6d463452871a452f919198fccb89d7e56899
[run14_resolve_retry] poll status=COMMITTING exec=NOT_VOTED elapsed=6127ms
[run14_resolve_retry] poll status=REVEALING exec=FINISHED_WITH_RETURN elapsed=11711ms
[run14_resolve_retry] poll status=ACCEPTED exec=FINISHED_WITH_RETURN elapsed=17321ms
RUN::{"i":14,"network":"bradbury","deployHash":"0x6899bbd20a1a3a8483a511d0bb238befee3199156a0b3c73577d349b4ee86edc","deployVerdict":"AGREE_SUCCESS","deployVotes":{"AGREE":5},"deployVotesArray":["AGREE","AGREE","AGREE","AGREE","AGREE"],"deployMinorityDvCount":0,"deployValidatorAddresses":[],"deployValidatorHashes":["0xd45d22d7d63d92109466ba5b05184ae4a9422cbf8c3888c28ba91717d9743ec2","0xd45d22d7d63d92109466ba5b05184ae4a9422cbf8c3888c28ba91717d9743ec2","0xd45d22d7d63d92109466ba5b05184ae4a9422cbf8c3888c28ba91717d9743ec2","0xd45d22d7d63d92109466ba5b05184ae4a9422cbf8c3888c28ba91717d9743ec2","0xd45d22d7d63d92109466ba5b05184ae4a9422cbf8c3888c28ba91717d9743ec2"],"deployElapsedMs":11670,"resolveHash":"0x7e04248938bdcc517f8f8682f56c6d463452871a452f919198fccb89d7e56899","resolveVerdict":"RESOLVE_REVERT_RETRY_CLEAN","resolveVotes":{"AGREE":5},"resolveVotesArray":["AGREE","AGREE","AGREE","AGREE","AGREE"],"resolveMinorityDvCount":0,"resolveValidatorAddresses":[],"resolveValidatorHashes":["0x98dfae38caf65fa52e6280a5575d38ce8249ff423504cdd9147cd4095f39b649","0x98dfae38caf65fa52e6280a5575d38ce8249ff423504cdd9147cd4095f39b649","0x98dfae38caf65fa52e6280a5575d38ce8249ff423504cdd9147cd4095f39b649","0x98dfae38caf65fa52e6280a5575d38ce8249ff423504cdd9147cd4095f39b649","0x98dfae38caf65fa52e6280a5575d38ce8249ff423504cdd9147cd4095f39b649"],"resolveElapsedMs":17321,"totalMs":122401,"budgetHit":false,"contractAddress":"0xD64395aa0B8994F544aAF0f1dce3AFe148C98f65","deployErrorDetail":"","resolveErrorDetail":"","resolveRetryAttempted":true,"resolveRetryOutcome":"RESOLVE_REVERT_RETRY_CLEAN","postDeployDelayMs":25000}

===== RUN 15/20 (bradbury) =====
[run 15] wallet=0x186d2dabBE79810A6F3cBD8C09033E96C767c121
[run 15] deployHash=0x476bbf9510211b9707edfc1194c4eddae201b416928a2ca7877a4a66c77cd9fb
[run15_deploy] poll status=REVEALING exec=FINISHED_WITH_RETURN elapsed=6321ms
[run15_deploy] poll status=ACCEPTED exec=FINISHED_WITH_RETURN elapsed=12587ms
[run 15] resolveHash=0x7bf4dda6d5b2d56f6a9eba0b0db1611f6cf5ca738b9effb24bf65cc492147e5c
[run15_resolve] poll status=COMMITTING exec=NOT_VOTED elapsed=5378ms
[run15_resolve] poll status=REVEALING exec=FINISHED_WITH_RETURN elapsed=10746ms
[run15_resolve] poll status=ACCEPTED exec=FINISHED_WITH_RETURN elapsed=16363ms
RUN::{"i":15,"network":"bradbury","deployHash":"0x476bbf9510211b9707edfc1194c4eddae201b416928a2ca7877a4a66c77cd9fb","deployVerdict":"AGREE_SUCCESS","deployVotes":{"AGREE":5},"deployVotesArray":["AGREE","AGREE","AGREE","AGREE","AGREE"],"deployMinorityDvCount":0,"deployValidatorAddresses":[],"deployValidatorHashes":["0x9159e22d04229e86b07a4824f8c8c84155c2e9fb28507e8d3027712e8bd99fd2","0x9159e22d04229e86b07a4824f8c8c84155c2e9fb28507e8d3027712e8bd99fd2","0x9159e22d04229e86b07a4824f8c8c84155c2e9fb28507e8d3027712e8bd99fd2","0x9159e22d04229e86b07a4824f8c8c84155c2e9fb28507e8d3027712e8bd99fd2","0x9159e22d04229e86b07a4824f8c8c84155c2e9fb28507e8d3027712e8bd99fd2"],"deployElapsedMs":12587,"resolveHash":"0x7bf4dda6d5b2d56f6a9eba0b0db1611f6cf5ca738b9effb24bf65cc492147e5c","resolveVerdict":"AGREE_SUCCESS","resolveVotes":{"AGREE":5},"resolveVotesArray":["AGREE","AGREE","AGREE","AGREE","AGREE"],"resolveMinorityDvCount":0,"resolveValidatorAddresses":[],"resolveValidatorHashes":["0x349638b20c6a7b4e89f54f94692d72e67833c3022f6507f136d2ee3dccf715c6","0x349638b20c6a7b4e89f54f94692d72e67833c3022f6507f136d2ee3dccf715c6","0x349638b20c6a7b4e89f54f94692d72e67833c3022f6507f136d2ee3dccf715c6","0x349638b20c6a7b4e89f54f94692d72e67833c3022f6507f136d2ee3dccf715c6","0x349638b20c6a7b4e89f54f94692d72e67833c3022f6507f136d2ee3dccf715c6"],"resolveElapsedMs":16363,"totalMs":59376,"budgetHit":false,"contractAddress":"0xd7fd839f28c499D0fbeE87A8146c7f942a5D96Ed","deployErrorDetail":"","resolveErrorDetail":"","resolveRetryAttempted":false,"resolveRetryOutcome":"","postDeployDelayMs":25000}

===== RUN 16/20 (bradbury) =====
[run 16] wallet=0x186d2dabBE79810A6F3cBD8C09033E96C767c121
[run 16] deployHash=0x8a8841196493ba37b1f0e79baa769598b0aa8507c82ff83c53f29ad55a7f520a
[run16_deploy] poll status=14 exec=NOT_VOTED elapsed=5854ms
[run16_deploy] poll status=ACCEPTED exec=FINISHED_WITH_RETURN elapsed=11543ms
[run 16] resolveHash=0xd34c5938b73b02ec759847e2dde21158466bde3e3294f31018dc5645d7c22f96
[run16_resolve] poll status=COMMITTING exec=NOT_VOTED elapsed=5708ms
[run16_resolve] poll status=ACCEPTED exec=FINISHED_WITH_RETURN elapsed=11303ms
RUN::{"i":16,"network":"bradbury","deployHash":"0x8a8841196493ba37b1f0e79baa769598b0aa8507c82ff83c53f29ad55a7f520a","deployVerdict":"AGREE_SUCCESS","deployVotes":{"AGREE":5},"deployVotesArray":["AGREE","AGREE","AGREE","AGREE","AGREE"],"deployMinorityDvCount":0,"deployValidatorAddresses":[],"deployValidatorHashes":["0x39e91a4a8fe0fb96a8615b0517b1fc7c562260584eb3208a9fddd26d4bad7ddf","0x39e91a4a8fe0fb96a8615b0517b1fc7c562260584eb3208a9fddd26d4bad7ddf","0x39e91a4a8fe0fb96a8615b0517b1fc7c562260584eb3208a9fddd26d4bad7ddf","0x39e91a4a8fe0fb96a8615b0517b1fc7c562260584eb3208a9fddd26d4bad7ddf","0x39e91a4a8fe0fb96a8615b0517b1fc7c562260584eb3208a9fddd26d4bad7ddf"],"deployElapsedMs":11544,"resolveHash":"0xd34c5938b73b02ec759847e2dde21158466bde3e3294f31018dc5645d7c22f96","resolveVerdict":"AGREE_SUCCESS","resolveVotes":{"AGREE":5},"resolveVotesArray":["AGREE","AGREE","AGREE","AGREE","AGREE"],"resolveMinorityDvCount":0,"resolveValidatorAddresses":[],"resolveValidatorHashes":["0x79298a8dae09eb6f72a1fb3bd5f5de33fdd5e441e06a365faf459d5a56d94ee4","0x79298a8dae09eb6f72a1fb3bd5f5de33fdd5e441e06a365faf459d5a56d94ee4","0x79298a8dae09eb6f72a1fb3bd5f5de33fdd5e441e06a365faf459d5a56d94ee4","0x79298a8dae09eb6f72a1fb3bd5f5de33fdd5e441e06a365faf459d5a56d94ee4","0x79298a8dae09eb6f72a1fb3bd5f5de33fdd5e441e06a365faf459d5a56d94ee4"],"resolveElapsedMs":11303,"totalMs":53669,"budgetHit":false,"contractAddress":"0x2CE4a33710C2210F1c0B1624C1dD05361880ACBD","deployErrorDetail":"","resolveErrorDetail":"","resolveRetryAttempted":false,"resolveRetryOutcome":"","postDeployDelayMs":25000}

===== RUN 17/20 (bradbury) =====
[run 17] wallet=0x186d2dabBE79810A6F3cBD8C09033E96C767c121
[run 17] deployHash=0xda6e41d3e377473391cf01eb51db0d01e8747fe270c7f52c18563c254c18d2fe
[run17_deploy] poll status=COMMITTING exec=NOT_VOTED elapsed=5889ms
[run17_deploy] poll status=ACCEPTED exec=FINISHED_WITH_RETURN elapsed=11699ms
[run 17] resolveHash=0xc3f830a6f1d270ac0b9ed5d8f59d61da6b2c5ef299f738951e0f3fa1ce2c06a5
[run17_resolve] poll status=COMMITTING exec=NOT_VOTED elapsed=5410ms
[run17_resolve] poll status=ACCEPTED exec=FINISHED_WITH_RETURN elapsed=10805ms
RUN::{"i":17,"network":"bradbury","deployHash":"0xda6e41d3e377473391cf01eb51db0d01e8747fe270c7f52c18563c254c18d2fe","deployVerdict":"AGREE_SUCCESS","deployVotes":{"AGREE":5},"deployVotesArray":["AGREE","AGREE","AGREE","AGREE","AGREE"],"deployMinorityDvCount":0,"deployValidatorAddresses":[],"deployValidatorHashes":["0x7d0ae0461af70f5bf265c3ac3df418c45aa12854b73dc978745239773a8dfb10","0x7d0ae0461af70f5bf265c3ac3df418c45aa12854b73dc978745239773a8dfb10","0x7d0ae0461af70f5bf265c3ac3df418c45aa12854b73dc978745239773a8dfb10","0x7d0ae0461af70f5bf265c3ac3df418c45aa12854b73dc978745239773a8dfb10","0x7d0ae0461af70f5bf265c3ac3df418c45aa12854b73dc978745239773a8dfb10"],"deployElapsedMs":11699,"resolveHash":"0xc3f830a6f1d270ac0b9ed5d8f59d61da6b2c5ef299f738951e0f3fa1ce2c06a5","resolveVerdict":"AGREE_SUCCESS","resolveVotes":{"AGREE":5},"resolveVotesArray":["AGREE","AGREE","AGREE","AGREE","AGREE"],"resolveMinorityDvCount":0,"resolveValidatorAddresses":[],"resolveValidatorHashes":["0x44c2afe616d63871dee64d4da6aa998d91916e06e91104b037dc662bc52e182b","0x44c2afe616d63871dee64d4da6aa998d91916e06e91104b037dc662bc52e182b","0x44c2afe616d63871dee64d4da6aa998d91916e06e91104b037dc662bc52e182b","0x44c2afe616d63871dee64d4da6aa998d91916e06e91104b037dc662bc52e182b","0x44c2afe616d63871dee64d4da6aa998d91916e06e91104b037dc662bc52e182b"],"resolveElapsedMs":10805,"totalMs":52275,"budgetHit":false,"contractAddress":"0x990524ac33f0B165f7c972Cd800F946A356F89D1","deployErrorDetail":"","resolveErrorDetail":"","resolveRetryAttempted":false,"resolveRetryOutcome":"","postDeployDelayMs":25000}

===== RUN 18/20 (bradbury) =====
[run 18] wallet=0x186d2dabBE79810A6F3cBD8C09033E96C767c121
[run 18] deployHash=0xafc9f778b66343e8244086d699675425e9bce6ac3e15cd482d8adf214f8e3511
[run18_deploy] poll status=COMMITTING exec=NOT_VOTED elapsed=5839ms
[run18_deploy] poll status=ACCEPTED exec=FINISHED_WITH_RETURN elapsed=11484ms
[run 18] resolveHash=0x8ee49a688dc41aeba4b81d83d7932b778823a6745e41f7af894eb128722688cf
[run18_resolve] poll status=COMMITTING exec=NOT_VOTED elapsed=5743ms
[run18_resolve] poll status=REVEALING exec=FINISHED_WITH_RETURN elapsed=11303ms
[run18_resolve] poll status=ACCEPTED exec=FINISHED_WITH_RETURN elapsed=16944ms
RUN::{"i":18,"network":"bradbury","deployHash":"0xafc9f778b66343e8244086d699675425e9bce6ac3e15cd482d8adf214f8e3511","deployVerdict":"AGREE_SUCCESS","deployVotes":{"AGREE":5},"deployVotesArray":["AGREE","AGREE","AGREE","AGREE","AGREE"],"deployMinorityDvCount":0,"deployValidatorAddresses":[],"deployValidatorHashes":["0x354e74686d5246f2f7bb09703f2229b5eb435996953df33872f150ebef5462b9","0x354e74686d5246f2f7bb09703f2229b5eb435996953df33872f150ebef5462b9","0x354e74686d5246f2f7bb09703f2229b5eb435996953df33872f150ebef5462b9","0x354e74686d5246f2f7bb09703f2229b5eb435996953df33872f150ebef5462b9","0x354e74686d5246f2f7bb09703f2229b5eb435996953df33872f150ebef5462b9"],"deployElapsedMs":11484,"resolveHash":"0x8ee49a688dc41aeba4b81d83d7932b778823a6745e41f7af894eb128722688cf","resolveVerdict":"AGREE_SUCCESS","resolveVotes":{"AGREE":5},"resolveVotesArray":["AGREE","AGREE","AGREE","AGREE","AGREE"],"resolveMinorityDvCount":0,"resolveValidatorAddresses":[],"resolveValidatorHashes":["0xf2dd2ef82edc3d7aac46ee96abb839df93bfb31ba4372428176ebfe149cfa3ef","0xf2dd2ef82edc3d7aac46ee96abb839df93bfb31ba4372428176ebfe149cfa3ef","0xf2dd2ef82edc3d7aac46ee96abb839df93bfb31ba4372428176ebfe149cfa3ef","0xf2dd2ef82edc3d7aac46ee96abb839df93bfb31ba4372428176ebfe149cfa3ef","0xf2dd2ef82edc3d7aac46ee96abb839df93bfb31ba4372428176ebfe149cfa3ef"],"resolveElapsedMs":16944,"totalMs":58219,"budgetHit":false,"contractAddress":"0xb31EC5A2EB3B60e49Df9d65Cb2d0793Aa9406aE9","deployErrorDetail":"","resolveErrorDetail":"","resolveRetryAttempted":false,"resolveRetryOutcome":"","postDeployDelayMs":25000}

===== RUN 19/20 (bradbury) =====
[run 19] wallet=0x186d2dabBE79810A6F3cBD8C09033E96C767c121
[run 19] deployHash=0x441a05c22d7d8354df683b88e825b618c4a9f912fdcd2322df25c849256f1113
[run19_deploy] poll status=14 exec=NOT_VOTED elapsed=5907ms
[run19_deploy] poll status=ACCEPTED exec=FINISHED_WITH_RETURN elapsed=12233ms
[run 19] resolveHash=0xfeecff18fbeef50f7fc6aa5892c283267417529b976b18c0f743aeb02ebdf669
[run19_resolve] poll status=COMMITTING exec=NOT_VOTED elapsed=5714ms
[run19_resolve] poll status=ACCEPTED exec=FINISHED_WITH_RETURN elapsed=11786ms
RUN::{"i":19,"network":"bradbury","deployHash":"0x441a05c22d7d8354df683b88e825b618c4a9f912fdcd2322df25c849256f1113","deployVerdict":"AGREE_SUCCESS","deployVotes":{"AGREE":5},"deployVotesArray":["AGREE","AGREE","AGREE","AGREE","AGREE"],"deployMinorityDvCount":0,"deployValidatorAddresses":[],"deployValidatorHashes":["0xfa1723d70cb84f16372c8fef02e32e3960382bcc08de0a89cbe699a73021e964","0xfa1723d70cb84f16372c8fef02e32e3960382bcc08de0a89cbe699a73021e964","0xfa1723d70cb84f16372c8fef02e32e3960382bcc08de0a89cbe699a73021e964","0xfa1723d70cb84f16372c8fef02e32e3960382bcc08de0a89cbe699a73021e964","0xfa1723d70cb84f16372c8fef02e32e3960382bcc08de0a89cbe699a73021e964"],"deployElapsedMs":12234,"resolveHash":"0xfeecff18fbeef50f7fc6aa5892c283267417529b976b18c0f743aeb02ebdf669","resolveVerdict":"AGREE_SUCCESS","resolveVotes":{"AGREE":5},"resolveVotesArray":["AGREE","AGREE","AGREE","AGREE","AGREE"],"resolveMinorityDvCount":0,"resolveValidatorAddresses":[],"resolveValidatorHashes":["0xe5dd6a43fe5b6f522f1375c20af2f283624b11d315fee1901897b77b09f3ca48","0xe5dd6a43fe5b6f522f1375c20af2f283624b11d315fee1901897b77b09f3ca48","0xe5dd6a43fe5b6f522f1375c20af2f283624b11d315fee1901897b77b09f3ca48","0xe5dd6a43fe5b6f522f1375c20af2f283624b11d315fee1901897b77b09f3ca48","0xe5dd6a43fe5b6f522f1375c20af2f283624b11d315fee1901897b77b09f3ca48"],"resolveElapsedMs":11786,"totalMs":52629,"budgetHit":false,"contractAddress":"0x9969b5Fdd4cbf69d5Fe6BA6c37F2C754CE4d0476","deployErrorDetail":"","resolveErrorDetail":"","resolveRetryAttempted":false,"resolveRetryOutcome":"","postDeployDelayMs":25000}

===== RUN 20/20 (bradbury) =====
[run 20] wallet=0x186d2dabBE79810A6F3cBD8C09033E96C767c121
[run 20] deployHash=0xf6fb0c98543d05645cd8df448534db3c139d8db27af4d4d787c6039337d8f01d
[run20_deploy] poll status=COMMITTING exec=NOT_VOTED elapsed=5962ms
[run20_deploy] poll status=REVEALING exec=FINISHED_WITH_RETURN elapsed=11836ms
[run20_deploy] poll status=ACCEPTED exec=FINISHED_WITH_RETURN elapsed=17455ms
[run 20] resolve threw: Transaction reverted: EVM tx 0x79f79f29b1be0933c03357a9831d274796df9dd329535cb99198bc373e0b3b81 to consensus contract 0x0112Bf6e83497965A5fdD6Dad1E447a6E004271D was reverted.
[run 20] resolveRetryHash=0x5481013342759b1707794f14ab0155d61d50bd832e81c048dbe39cb26a4a6c9a
[run20_resolve_retry] poll status=COMMITTING exec=NOT_VOTED elapsed=5529ms
[run20_resolve_retry] poll status=REVEALING exec=FINISHED_WITH_RETURN elapsed=11059ms
[run20_resolve_retry] poll status=ACCEPTED exec=FINISHED_WITH_RETURN elapsed=16471ms
RUN::{"i":20,"network":"bradbury","deployHash":"0xf6fb0c98543d05645cd8df448534db3c139d8db27af4d4d787c6039337d8f01d","deployVerdict":"AGREE_SUCCESS","deployVotes":{"AGREE":5},"deployVotesArray":["AGREE","AGREE","AGREE","AGREE","AGREE"],"deployMinorityDvCount":0,"deployValidatorAddresses":[],"deployValidatorHashes":["0xbc160e8178639849e6cf4ea7c98fd915c86f02a7bc7c7bddce99ff48ac18e91d","0xbc160e8178639849e6cf4ea7c98fd915c86f02a7bc7c7bddce99ff48ac18e91d","0xbc160e8178639849e6cf4ea7c98fd915c86f02a7bc7c7bddce99ff48ac18e91d","0xbc160e8178639849e6cf4ea7c98fd915c86f02a7bc7c7bddce99ff48ac18e91d","0xbc160e8178639849e6cf4ea7c98fd915c86f02a7bc7c7bddce99ff48ac18e91d"],"deployElapsedMs":17455,"resolveHash":"0x5481013342759b1707794f14ab0155d61d50bd832e81c048dbe39cb26a4a6c9a","resolveVerdict":"RESOLVE_REVERT_RETRY_CLEAN","resolveVotes":{"AGREE":5},"resolveVotesArray":["AGREE","AGREE","AGREE","AGREE","AGREE"],"resolveMinorityDvCount":0,"resolveValidatorAddresses":[],"resolveValidatorHashes":["0x8c87643f93f445be28fc881d877f96ae56261556b780b5c84b315938145b697b","0x8c87643f93f445be28fc881d877f96ae56261556b780b5c84b315938145b697b","0x8c87643f93f445be28fc881d877f96ae56261556b780b5c84b315938145b697b","0x8c87643f93f445be28fc881d877f96ae56261556b780b5c84b315938145b697b","0x8c87643f93f445be28fc881d877f96ae56261556b780b5c84b315938145b697b"],"resolveElapsedMs":16472,"totalMs":124338,"budgetHit":false,"contractAddress":"0x16380a6B213B554e4f642e102A182cfA7de404E8","deployErrorDetail":"","resolveErrorDetail":"","resolveRetryAttempted":true,"resolveRetryOutcome":"RESOLVE_REVERT_RETRY_CLEAN","postDeployDelayMs":25000}

BATCH_SUMMARY::{"network":"bradbury","n":20,"budgetSeconds":480,"deployVerdicts":{"AGREE_SUCCESS":20,"AGREE_ERROR":0,"DV":0,"CANCELED":0,"OTHER":0,"TIMEOUT":0,"THROW":0,"RESOLVE_CONSENSUS_REVERT":0,"RESOLVE_REVERT_RETRY_CLEAN":0,"SKIPPED":0},"resolveVerdicts":{"AGREE_SUCCESS":13,"AGREE_ERROR":0,"DV":0,"CANCELED":0,"OTHER":0,"TIMEOUT":0,"THROW":0,"RESOLVE_CONSENSUS_REVERT":1,"RESOLVE_REVERT_RETRY_CLEAN":6,"SKIPPED":0},"deployMinorityDvCount":0,"resolveMinorityDvCount":0,"deployAnyMinorityDvRuns":0,"resolveAnyMinorityDvRuns":0,"deployElapsedMedianMs":12074,"deployElapsedP95Ms":18247,"resolveElapsedMedianMs":14075,"resolveElapsedP95Ms":18021,"totalElapsedMedianMs":59808,"totalElapsedP95Ms":125060,"budgetHitCount":0,"startedAtIso":"2026-07-01T19:20:20.234Z","finishedAtIso":"2026-07-01T19:46:35.283Z","wallClockMs":1575047}
